<?xml version="1.0" encoding="UTF-8"?>
<!-- Generated by org.testng.reporters.JUnitXMLReporter -->
<testsuite ignored="2" hostname="LAPTOP-4JUMRBHB" failures="0" tests="8" name="Test" time="6.723" errors="0" timestamp="2026-01-10T13:50:24 IST">
  <testcase classname="Test.LinkTest" name="Link" time="1.347"/>
  <testcase classname="Test.NewTest" name="OpenNewLink" time="0.821"/>
  <testcase classname="Test.NewTest" name="NewTab" time="1.171"/>
  <testcase classname="Test.NewTest" name="Titleverification" time="0.046"/>
  <testcase classname="Test.NewTest" name="url" time="0.007"/>
  <testcase classname="Test.NewTest" name="window" time="0.006"/>
  <testcase classname="Test.EnroolTest" name="Enroll" time="0.561"/>
  <testcase classname="Test.EnroolTest" name="ScreenShot" time="0.138"/>
  <testcase classname="Base.ToolsqaBase" name="@BeforeTest setup" time="0.0">
    <ignored/>
  </testcase> <!-- @BeforeTest setup -->
  <testcase classname="Base.ToolsqaBase" name="@BeforeTest setup" time="0.0">
    <ignored/>
  </testcase> <!-- @BeforeTest setup -->
</testsuite> <!-- Test -->
