<?xml version="1.0" encoding="UTF-8"?>
<!-- Generated by org.testng.reporters.JUnitReportReporter -->
<testsuite hostname="LAPTOP-4JUMRBHB" failures="0" tests="5" name="Test.NewTest" time="2.056" errors="0" timestamp="2026-01-10T13:50:24 IST" skipped="0">
  <testcase classname="Test.NewTest" name="OpenNewLink" time="0.822"/>
  <testcase classname="Test.NewTest" name="NewTab" time="1.172"/>
  <testcase classname="Test.NewTest" name="Titleverification" time="0.046"/>
  <testcase classname="Test.NewTest" name="url" time="0.009"/>
  <testcase classname="Test.NewTest" name="window" time="0.007"/>
</testsuite> <!-- Test.NewTest -->
